<?xml version="1.0" encoding="UTF-8"?>
<testng-results ignored="0" total="2" passed="1" failed="1" skipped="0">
  <reporter-output>
  </reporter-output>
  <suite started-at="2019-10-12T21:01:37 PDT" name="Default suite" finished-at="2019-10-12T21:01:51 PDT" duration-ms="13575">
    <groups>
    </groups>
    <test started-at="2019-10-12T21:01:37 PDT" name="Default test" finished-at="2019-10-12T21:01:51 PDT" duration-ms="13575">
      <class name="LTE.SFDC_TestNGDemo">
        <test-method is-config="true" signature="lauchBrowser()[pri:0, instance:LTE.SFDC_TestNGDemo@1d082e88]" started-at="2019-10-12T21:01:37 PDT" name="lauchBrowser" finished-at="2019-10-12T21:01:37 PDT" duration-ms="8" status="PASS">
          <reporter-output>
          </reporter-output>
        </test-method> <!-- lauchBrowser -->
        <test-method is-config="true" signature="beforeMethod()[pri:0, instance:LTE.SFDC_TestNGDemo@1d082e88]" started-at="2019-10-12T21:01:37 PDT" name="beforeMethod" finished-at="2019-10-12T21:01:37 PDT" duration-ms="1" status="PASS">
          <reporter-output>
          </reporter-output>
        </test-method> <!-- beforeMethod -->
        <test-method signature="verifySFDCLogin()[pri:1, instance:LTE.SFDC_TestNGDemo@1d082e88]" started-at="2019-10-12T21:01:37 PDT" name="verifySFDCLogin" finished-at="2019-10-12T21:01:44 PDT" duration-ms="6886" status="PASS">
          <reporter-output>
          </reporter-output>
        </test-method> <!-- verifySFDCLogin -->
        <test-method is-config="true" signature="afterMethod()[pri:0, instance:LTE.SFDC_TestNGDemo@1d082e88]" started-at="2019-10-12T21:01:44 PDT" name="afterMethod" finished-at="2019-10-12T21:01:44 PDT" duration-ms="0" status="PASS">
          <reporter-output>
          </reporter-output>
        </test-method> <!-- afterMethod -->
        <test-method is-config="true" signature="beforeMethod()[pri:0, instance:LTE.SFDC_TestNGDemo@1d082e88]" started-at="2019-10-12T21:01:44 PDT" name="beforeMethod" finished-at="2019-10-12T21:01:44 PDT" duration-ms="0" status="PASS">
          <reporter-output>
          </reporter-output>
        </test-method> <!-- beforeMethod -->
        <test-method signature="verifyHomepageTitle()[pri:2, instance:LTE.SFDC_TestNGDemo@1d082e88]" started-at="2019-10-12T21:01:44 PDT" name="verifyHomepageTitle" finished-at="2019-10-12T21:01:50 PDT" duration-ms="5986" status="FAIL">
          <exception class="java.lang.AssertionError">
            <message>
              <![CDATA[expected [Welcome: Mercury Tours] but found [Login | Salesforce]]]>
            </message>
            <full-stacktrace>
              <![CDATA[java.lang.AssertionError: expected [Welcome: Mercury Tours] but found [Login | Salesforce]
at org.testng.Assert.fail(Assert.java:97)
at org.testng.Assert.assertEqualsImpl(Assert.java:136)
at org.testng.Assert.assertEquals(Assert.java:118)
at org.testng.Assert.assertEquals(Assert.java:575)
at org.testng.Assert.assertEquals(Assert.java:585)
at LTE.SFDC_TestNGDemo.verifyHomepageTitle(SFDC_TestNGDemo.java:32)
at java.base/jdk.internal.reflect.NativeMethodAccessorImpl.invoke0(Native Method)
at java.base/jdk.internal.reflect.NativeMethodAccessorImpl.invoke(NativeMethodAccessorImpl.java:62)
at java.base/jdk.internal.reflect.DelegatingMethodAccessorImpl.invoke(DelegatingMethodAccessorImpl.java:43)
at java.base/java.lang.reflect.Method.invoke(Method.java:567)
at org.testng.internal.MethodInvocationHelper.invokeMethod(MethodInvocationHelper.java:133)
at org.testng.internal.TestInvoker.invokeMethod(TestInvoker.java:584)
at org.testng.internal.TestInvoker.invokeTestMethod(TestInvoker.java:172)
at org.testng.internal.MethodRunner.runInSequence(MethodRunner.java:46)
at org.testng.internal.TestInvoker$MethodInvocationAgent.invoke(TestInvoker.java:804)
at org.testng.internal.TestInvoker.invokeTestMethods(TestInvoker.java:145)
at org.testng.internal.TestMethodWorker.invokeTestMethods(TestMethodWorker.java:146)
at org.testng.internal.TestMethodWorker.run(TestMethodWorker.java:128)
at java.base/java.util.ArrayList.forEach(ArrayList.java:1507)
at org.testng.TestRunner.privateRun(TestRunner.java:770)
at org.testng.TestRunner.run(TestRunner.java:591)
at org.testng.SuiteRunner.runTest(SuiteRunner.java:402)
at org.testng.SuiteRunner.runSequentially(SuiteRunner.java:396)
at org.testng.SuiteRunner.privateRun(SuiteRunner.java:355)
at org.testng.SuiteRunner.run(SuiteRunner.java:304)
at org.testng.SuiteRunnerWorker.runSuite(SuiteRunnerWorker.java:53)
at org.testng.SuiteRunnerWorker.run(SuiteRunnerWorker.java:96)
at org.testng.TestNG.runSuitesSequentially(TestNG.java:1180)
at org.testng.TestNG.runSuitesLocally(TestNG.java:1102)
at org.testng.TestNG.runSuites(TestNG.java:1032)
at org.testng.TestNG.run(TestNG.java:1000)
at org.testng.remote.AbstractRemoteTestNG.run(AbstractRemoteTestNG.java:115)
at org.testng.remote.RemoteTestNG.initAndRun(RemoteTestNG.java:251)
at org.testng.remote.RemoteTestNG.main(RemoteTestNG.java:77)
]]>
            </full-stacktrace>
          </exception> <!-- java.lang.AssertionError -->
          <reporter-output>
          </reporter-output>
        </test-method> <!-- verifyHomepageTitle -->
        <test-method is-config="true" signature="afterMethod()[pri:0, instance:LTE.SFDC_TestNGDemo@1d082e88]" started-at="2019-10-12T21:01:50 PDT" name="afterMethod" finished-at="2019-10-12T21:01:50 PDT" duration-ms="0" status="PASS">
          <reporter-output>
          </reporter-output>
        </test-method> <!-- afterMethod -->
        <test-method is-config="true" signature="closeBrowser()[pri:0, instance:LTE.SFDC_TestNGDemo@1d082e88]" started-at="2019-10-12T21:01:50 PDT" name="closeBrowser" finished-at="2019-10-12T21:01:51 PDT" duration-ms="644" status="PASS">
          <reporter-output>
          </reporter-output>
        </test-method> <!-- closeBrowser -->
      </class> <!-- LTE.SFDC_TestNGDemo -->
    </test> <!-- Default test -->
  </suite> <!-- Default suite -->
</testng-results>
